{
  "Cucumber Features": {
    "coverage": {
      "/home/ubuntu/hw-bdd-tdd-cycle/rottenpotatoes/app/models/movie.rb": [
        1,
        1,
        17,
        null,
        null,
        1,
        2,
        2,
        1,
        null,
        null,
        null,
        null
      ],
      "/home/ubuntu/hw-bdd-tdd-cycle/rottenpotatoes/app/controllers/movies_controller.rb": [
        1,
        null,
        1,
        2,
        null,
        null,
        1,
        4,
        4,
        null,
        null,
        null,
        1,
        2,
        2,
        2,
        1,
        1,
        null,
        null,
        null,
        1,
        17,
        17,
        null,
        2,
        null,
        2,
        null,
        17,
        17,
        null,
        17,
        54,
        null,
        null,
        17,
        4,
        4,
        4,
        null,
        13,
        null,
        null,
        1,
        null,
        null,
        null,
        1,
        1,
        1,
        1,
        null,
        null,
        1,
        1,
        null,
        null,
        1,
        1,
        1,
        1,
        1,
        null,
        null,
        1,
        1,
        1,
        1,
        1,
        null,
        null,
        null
      ],
      "/home/ubuntu/hw-bdd-tdd-cycle/rottenpotatoes/app/controllers/application_controller.rb": [
        1,
        1,
        null
      ],
      "/home/ubuntu/hw-bdd-tdd-cycle/rottenpotatoes/app/helpers/application_helper.rb": [
        1,
        null
      ],
      "/home/ubuntu/hw-bdd-tdd-cycle/rottenpotatoes/app/helpers/movies_helper.rb": [
        1,
        null,
        1,
        0,
        null,
        null
      ]
    },
    "timestamp": 1449152091
  },
  "RSpec": {
    "coverage": {
      "/home/ubuntu/hw-bdd-tdd-cycle/rottenpotatoes/app/helpers/application_helper.rb": [
        1,
        null
      ],
      "/home/ubuntu/hw-bdd-tdd-cycle/rottenpotatoes/app/helpers/movies_helper.rb": [
        1,
        null,
        1,
        0,
        null,
        null
      ],
      "/home/ubuntu/hw-bdd-tdd-cycle/rottenpotatoes/app/controllers/movies_controller.rb": [
        1,
        null,
        1,
        3,
        null,
        null,
        1,
        2,
        2,
        null,
        null,
        null,
        1,
        4,
        4,
        4,
        2,
        2,
        null,
        null,
        null,
        1,
        2,
        2,
        null,
        1,
        null,
        1,
        null,
        2,
        2,
        null,
        2,
        0,
        null,
        null,
        2,
        2,
        2,
        2,
        null,
        0,
        null,
        null,
        1,
        null,
        null,
        null,
        1,
        2,
        2,
        2,
        null,
        null,
        1,
        1,
        null,
        null,
        1,
        1,
        1,
        1,
        1,
        null,
        null,
        1,
        2,
        2,
        2,
        2,
        null,
        null,
        null
      ],
      "/home/ubuntu/hw-bdd-tdd-cycle/rottenpotatoes/app/controllers/application_controller.rb": [
        1,
        1,
        null
      ],
      "/home/ubuntu/hw-bdd-tdd-cycle/rottenpotatoes/app/models/movie.rb": [
        1,
        1,
        3,
        null,
        null,
        1,
        4,
        4,
        2,
        null,
        null,
        null,
        null
      ]
    },
    "timestamp": 1449222642
  }
}
